This file contains any messages produced by compilers while
running configure, to aid debugging if configure makes a mistake.

It was created by memcached configure 1.4.20, which was
generated by GNU Autoconf 2.63.  Invocation command line was

  $ ./configure 

## --------- ##
## Platform. ##
## --------- ##

hostname = PowerEdge-R720
uname -m = x86_64
uname -r = 4.10.0-37-generic
uname -s = Linux
uname -v = #41~16.04.1-Ubuntu SMP Fri Oct 6 22:42:59 UTC 2017

/usr/bin/uname -p = unknown
/bin/uname -X     = unknown

/bin/arch              = unknown
/usr/bin/arch -k       = unknown
/usr/convex/getsysinfo = unknown
/usr/bin/hostinfo      = unknown
/bin/machine           = unknown
/usr/bin/oslevel       = unknown
/bin/universe          = unknown

PATH: /usr/local/sbin
PATH: /usr/local/bin
PATH: /usr/sbin
PATH: /usr/bin
PATH: /sbin
PATH: /bin
PATH: /usr/games
PATH: /usr/local/games


## ----------- ##
## Core tests. ##
## ----------- ##

configure:1916: checking build system type
configure:1934: result: x86_64-unknown-linux-gnu
configure:1956: checking host system type
configure:1971: result: x86_64-unknown-linux-gnu
configure:1993: checking target system type
configure:2008: result: x86_64-unknown-linux-gnu
configure:2053: checking for a BSD-compatible install
configure:2121: result: /usr/bin/install -c
configure:2132: checking whether build environment is sane
configure:2192: result: yes
configure:2333: checking for a thread-safe mkdir -p
configure:2372: result: /bin/mkdir -p
configure:2385: checking for gawk
configure:2415: result: no
configure:2385: checking for mawk
configure:2401: found /usr/bin/mawk
configure:2412: result: mawk
configure:2423: checking whether make sets $(MAKE)
configure:2445: result: yes
configure:2578: checking for gcc
configure:2594: found /usr/bin/gcc
configure:2605: result: gcc
configure:2837: checking for C compiler version
configure:2845: gcc --version >&5
gcc (Ubuntu 5.4.0-6ubuntu1~16.04.5) 5.4.0 20160609
Copyright (C) 2015 Free Software Foundation, Inc.
This is free software; see the source for copying conditions.  There is NO
warranty; not even for MERCHANTABILITY or FITNESS FOR A PARTICULAR PURPOSE.

configure:2849: $? = 0
configure:2856: gcc -v >&5
Using built-in specs.
COLLECT_GCC=gcc
COLLECT_LTO_WRAPPER=/usr/lib/gcc/x86_64-linux-gnu/5/lto-wrapper
Target: x86_64-linux-gnu
Configured with: ../src/configure -v --with-pkgversion='Ubuntu 5.4.0-6ubuntu1~16.04.5' --with-bugurl=file:///usr/share/doc/gcc-5/README.Bugs --enable-languages=c,ada,c++,java,go,d,fortran,objc,obj-c++ --prefix=/usr --program-suffix=-5 --enable-shared --enable-linker-build-id --libexecdir=/usr/lib --without-included-gettext --enable-threads=posix --libdir=/usr/lib --enable-nls --with-sysroot=/ --enable-clocale=gnu --enable-libstdcxx-debug --enable-libstdcxx-time=yes --with-default-libstdcxx-abi=new --enable-gnu-unique-object --disable-vtable-verify --enable-libmpx --enable-plugin --with-system-zlib --disable-browser-plugin --enable-java-awt=gtk --enable-gtk-cairo --with-java-home=/usr/lib/jvm/java-1.5.0-gcj-5-amd64/jre --enable-java-home --with-jvm-root-dir=/usr/lib/jvm/java-1.5.0-gcj-5-amd64 --with-jvm-jar-dir=/usr/lib/jvm-exports/java-1.5.0-gcj-5-amd64 --with-arch-directory=amd64 --with-ecj-jar=/usr/share/java/eclipse-ecj.jar --enable-objc-gc --enable-multiarch --disable-werror --with-arch-32=i686 --with-abi=m64 --with-multilib-list=m32,m64,mx32 --enable-multilib --with-tune=generic --enable-checking=release --build=x86_64-linux-gnu --host=x86_64-linux-gnu --target=x86_64-linux-gnu
Thread model: posix
gcc version 5.4.0 20160609 (Ubuntu 5.4.0-6ubuntu1~16.04.5) 
configure:2860: $? = 0
configure:2867: gcc -V >&5
gcc: error: unrecognized command line option '-V'
gcc: fatal error: no input files
compilation terminated.
configure:2871: $? = 1
configure:2894: checking for C compiler default output file name
configure:2916: gcc    conftest.c  >&5
configure:2920: $? = 0
configure:2958: result: a.out
configure:2977: checking whether the C compiler works
configure:2987: ./a.out
configure:2991: $? = 0
configure:3010: result: yes
configure:3017: checking whether we are cross compiling
configure:3019: result: no
configure:3022: checking for suffix of executables
configure:3029: gcc -o conftest    conftest.c  >&5
configure:3033: $? = 0
configure:3059: result: 
configure:3065: checking for suffix of object files
configure:3091: gcc -c   conftest.c >&5
configure:3095: $? = 0
configure:3120: result: o
configure:3124: checking whether we are using the GNU C compiler
configure:3153: gcc -c   conftest.c >&5
configure:3160: $? = 0
configure:3177: result: yes
configure:3186: checking whether gcc accepts -g
configure:3216: gcc -c -g  conftest.c >&5
configure:3223: $? = 0
configure:3324: result: yes
configure:3341: checking for gcc option to accept ISO C89
configure:3415: gcc  -c -g -O2  conftest.c >&5
configure:3422: $? = 0
configure:3445: result: none needed
configure:3474: checking for style of include used by make
configure:3502: result: GNU
configure:3527: checking dependency style of gcc
configure:3637: result: gcc3
configure:3661: checking how to run the C preprocessor
configure:3701: gcc -E  conftest.c
configure:3708: $? = 0
configure:3739: gcc -E  conftest.c
conftest.c:10:28: fatal error: ac_nonexistent.h: No such file or directory
compilation terminated.
configure:3746: $? = 1
configure: failed program was:
| /* confdefs.h.  */
| #define PACKAGE_NAME "memcached"
| #define PACKAGE_TARNAME "memcached"
| #define PACKAGE_VERSION "1.4.20"
| #define PACKAGE_STRING "memcached 1.4.20"
| #define PACKAGE_BUGREPORT "memcached@googlegroups.com"
| #define PACKAGE "memcached"
| #define VERSION "1.4.20"
| /* end confdefs.h.  */
| #include <ac_nonexistent.h>
configure:3779: result: gcc -E
configure:3808: gcc -E  conftest.c
configure:3815: $? = 0
configure:3846: gcc -E  conftest.c
conftest.c:10:28: fatal error: ac_nonexistent.h: No such file or directory
compilation terminated.
configure:3853: $? = 1
configure: failed program was:
| /* confdefs.h.  */
| #define PACKAGE_NAME "memcached"
| #define PACKAGE_TARNAME "memcached"
| #define PACKAGE_VERSION "1.4.20"
| #define PACKAGE_STRING "memcached 1.4.20"
| #define PACKAGE_BUGREPORT "memcached@googlegroups.com"
| #define PACKAGE "memcached"
| #define VERSION "1.4.20"
| /* end confdefs.h.  */
| #include <ac_nonexistent.h>
configure:3893: checking for grep that handles long lines and -e
configure:3953: result: /bin/grep
configure:3958: checking for egrep
configure:4022: result: /bin/grep -E
configure:4029: checking for icc in use
configure:4042: result: no
configure:4062: checking for clang in use
configure:4089: gcc -c -g -O2  conftest.c >&5
conftest.c: In function 'main':
conftest.c:16:12: error: unknown type name 'not'
            not clang
            ^
configure:4096: $? = 1
configure: failed program was:
| /* confdefs.h.  */
| #define PACKAGE_NAME "memcached"
| #define PACKAGE_TARNAME "memcached"
| #define PACKAGE_VERSION "1.4.20"
| #define PACKAGE_STRING "memcached 1.4.20"
| #define PACKAGE_BUGREPORT "memcached@googlegroups.com"
| #define PACKAGE "memcached"
| #define VERSION "1.4.20"
| /* end confdefs.h.  */
| 
| int
| main ()
| {
| 
|     #ifndef __clang__
|            not clang
|     #endif
| 
|   ;
|   return 0;
| }
configure:4110: result: no
configure:4117: checking for ANSI C header files
configure:4147: gcc -c -g -O2  conftest.c >&5
configure:4154: $? = 0
configure:4253: gcc -o conftest -g -O2   conftest.c  >&5
configure:4257: $? = 0
configure:4263: ./conftest
configure:4267: $? = 0
configure:4285: result: yes
configure:4309: checking for sys/types.h
configure:4330: gcc -c -g -O2  conftest.c >&5
configure:4337: $? = 0
configure:4354: result: yes
configure:4309: checking for sys/stat.h
configure:4330: gcc -c -g -O2  conftest.c >&5
configure:4337: $? = 0
configure:4354: result: yes
configure:4309: checking for stdlib.h
configure:4330: gcc -c -g -O2  conftest.c >&5
configure:4337: $? = 0
configure:4354: result: yes
configure:4309: checking for string.h
configure:4330: gcc -c -g -O2  conftest.c >&5
configure:4337: $? = 0
configure:4354: result: yes
configure:4309: checking for memory.h
configure:4330: gcc -c -g -O2  conftest.c >&5
configure:4337: $? = 0
configure:4354: result: yes
configure:4309: checking for strings.h
configure:4330: gcc -c -g -O2  conftest.c >&5
configure:4337: $? = 0
configure:4354: result: yes
configure:4309: checking for inttypes.h
configure:4330: gcc -c -g -O2  conftest.c >&5
configure:4337: $? = 0
configure:4354: result: yes
configure:4309: checking for stdint.h
configure:4330: gcc -c -g -O2  conftest.c >&5
configure:4337: $? = 0
configure:4354: result: yes
configure:4309: checking for unistd.h
configure:4330: gcc -c -g -O2  conftest.c >&5
configure:4337: $? = 0
configure:4354: result: yes
configure:4369: checking whether __SUNPRO_C is declared
configure:4398: gcc -c -g -O2  conftest.c >&5
conftest.c: In function 'main':
conftest.c:57:10: error: '__SUNPRO_C' undeclared (first use in this function)
   (void) __SUNPRO_C;
          ^
conftest.c:57:10: note: each undeclared identifier is reported only once for each function it appears in
configure:4405: $? = 1
configure: failed program was:
| /* confdefs.h.  */
| #define PACKAGE_NAME "memcached"
| #define PACKAGE_TARNAME "memcached"
| #define PACKAGE_VERSION "1.4.20"
| #define PACKAGE_STRING "memcached 1.4.20"
| #define PACKAGE_BUGREPORT "memcached@googlegroups.com"
| #define PACKAGE "memcached"
| #define VERSION "1.4.20"
| #define STDC_HEADERS 1
| #define HAVE_SYS_TYPES_H 1
| #define HAVE_SYS_STAT_H 1
| #define HAVE_STDLIB_H 1
| #define HAVE_STRING_H 1
| #define HAVE_MEMORY_H 1
| #define HAVE_STRINGS_H 1
| #define HAVE_INTTYPES_H 1
| #define HAVE_STDINT_H 1
| #define HAVE_UNISTD_H 1
| /* end confdefs.h.  */
| #include <stdio.h>
| #ifdef HAVE_SYS_TYPES_H
| # include <sys/types.h>
| #endif
| #ifdef HAVE_SYS_STAT_H
| # include <sys/stat.h>
| #endif
| #ifdef STDC_HEADERS
| # include <stdlib.h>
| # include <stddef.h>
| #else
| # ifdef HAVE_STDLIB_H
| #  include <stdlib.h>
| # endif
| #endif
| #ifdef HAVE_STRING_H
| # if !defined STDC_HEADERS && defined HAVE_MEMORY_H
| #  include <memory.h>
| # endif
| # include <string.h>
| #endif
| #ifdef HAVE_STRINGS_H
| # include <strings.h>
| #endif
| #ifdef HAVE_INTTYPES_H
| # include <inttypes.h>
| #endif
| #ifdef HAVE_STDINT_H
| # include <stdint.h>
| #endif
| #ifdef HAVE_UNISTD_H
| # include <unistd.h>
| #endif
| int
| main ()
| {
| #ifndef __SUNPRO_C
|   (void) __SUNPRO_C;
| #endif
| 
|   ;
|   return 0;
| }
configure:4420: result: no
configure:4445: checking for gcc option to accept ISO C99
configure:4604: gcc  -c -g -O2 -pthread  conftest.c >&5
configure:4611: $? = 0
configure:4634: result: none needed
configure:4649: checking whether gcc and cc understand -c and -o together
configure:4684: gcc -c conftest.c -o conftest2.o >&5
configure:4688: $? = 0
configure:4694: gcc -c conftest.c -o conftest2.o >&5
configure:4698: $? = 0
configure:4709: cc -c conftest.c >&5
configure:4713: $? = 0
configure:4721: cc -c conftest.c -o conftest2.o >&5
configure:4725: $? = 0
configure:4731: cc -c conftest.c -o conftest2.o >&5
configure:4735: $? = 0
configure:4753: result: yes
configure:4794: checking for a BSD-compatible install
configure:4862: result: /usr/bin/install -c
configure:4911: checking sasl/sasl.h usability
configure:4928: gcc -c -g -O2 -pthread  conftest.c >&5
conftest.c:53:23: fatal error: sasl/sasl.h: No such file or directory
compilation terminated.
configure:4935: $? = 1
configure: failed program was:
| /* confdefs.h.  */
| #define PACKAGE_NAME "memcached"
| #define PACKAGE_TARNAME "memcached"
| #define PACKAGE_VERSION "1.4.20"
| #define PACKAGE_STRING "memcached 1.4.20"
| #define PACKAGE_BUGREPORT "memcached@googlegroups.com"
| #define PACKAGE "memcached"
| #define VERSION "1.4.20"
| #define STDC_HEADERS 1
| #define HAVE_SYS_TYPES_H 1
| #define HAVE_SYS_STAT_H 1
| #define HAVE_STDLIB_H 1
| #define HAVE_STRING_H 1
| #define HAVE_MEMORY_H 1
| #define HAVE_STRINGS_H 1
| #define HAVE_INTTYPES_H 1
| #define HAVE_STDINT_H 1
| #define HAVE_UNISTD_H 1
| /* end confdefs.h.  */
| #include <stdio.h>
| #ifdef HAVE_SYS_TYPES_H
| # include <sys/types.h>
| #endif
| #ifdef HAVE_SYS_STAT_H
| # include <sys/stat.h>
| #endif
| #ifdef STDC_HEADERS
| # include <stdlib.h>
| # include <stddef.h>
| #else
| # ifdef HAVE_STDLIB_H
| #  include <stdlib.h>
| # endif
| #endif
| #ifdef HAVE_STRING_H
| # if !defined STDC_HEADERS && defined HAVE_MEMORY_H
| #  include <memory.h>
| # endif
| # include <string.h>
| #endif
| #ifdef HAVE_STRINGS_H
| # include <strings.h>
| #endif
| #ifdef HAVE_INTTYPES_H
| # include <inttypes.h>
| #endif
| #ifdef HAVE_STDINT_H
| # include <stdint.h>
| #endif
| #ifdef HAVE_UNISTD_H
| # include <unistd.h>
| #endif
| #include <sasl/sasl.h>
configure:4949: result: no
configure:4953: checking sasl/sasl.h presence
configure:4968: gcc -E  conftest.c
conftest.c:20:23: fatal error: sasl/sasl.h: No such file or directory
compilation terminated.
configure:4975: $? = 1
configure: failed program was:
| /* confdefs.h.  */
| #define PACKAGE_NAME "memcached"
| #define PACKAGE_TARNAME "memcached"
| #define PACKAGE_VERSION "1.4.20"
| #define PACKAGE_STRING "memcached 1.4.20"
| #define PACKAGE_BUGREPORT "memcached@googlegroups.com"
| #define PACKAGE "memcached"
| #define VERSION "1.4.20"
| #define STDC_HEADERS 1
| #define HAVE_SYS_TYPES_H 1
| #define HAVE_SYS_STAT_H 1
| #define HAVE_STDLIB_H 1
| #define HAVE_STRING_H 1
| #define HAVE_MEMORY_H 1
| #define HAVE_STRINGS_H 1
| #define HAVE_INTTYPES_H 1
| #define HAVE_STDINT_H 1
| #define HAVE_UNISTD_H 1
| /* end confdefs.h.  */
| #include <sasl/sasl.h>
configure:4989: result: no
configure:5022: checking for sasl/sasl.h
configure:5031: result: no
configure:5338: checking for gcov
configure:5356: found /usr/bin/gcov
configure:5369: result: /usr/bin/gcov
configure:5379: checking for main in -lgcov
configure:5408: gcc -o conftest -g -O2 -pthread -pthread   conftest.c -lgcov   >&5
configure:5415: $? = 0
configure:5436: result: yes
configure:5631: checking for library containing clock_gettime
configure:5672: gcc -o conftest -g -O2 -pthread -pthread   conftest.c  >&5
configure:5679: $? = 0
configure:5710: result: none required
configure:5720: checking for library containing socket
configure:5761: gcc -o conftest -g -O2 -pthread -pthread   conftest.c  >&5
configure:5768: $? = 0
configure:5799: result: none required
configure:5807: checking for library containing gethostbyname
configure:5848: gcc -o conftest -g -O2 -pthread -pthread   conftest.c  >&5
configure:5855: $? = 0
configure:5886: result: none required
configure:5911: checking for libevent directory
configure:5965: gcc -o conftest -g -O2 -pthread -pthread   conftest.c -levent  >&5
configure:5972: $? = 0
configure:6027: result: (system)
configure:6046: checking for library containing umem_cache_create
configure:6087: gcc -o conftest -g -O2 -pthread -pthread   conftest.c -levent  >&5
/tmp/ccDE18U5.o: In function `main':
/home/newdisk/hxm/memcached_lama/conftest.c:31: undefined reference to `umem_cache_create'
collect2: error: ld returned 1 exit status
configure:6094: $? = 1
configure: failed program was:
| /* confdefs.h.  */
| #define PACKAGE_NAME "memcached"
| #define PACKAGE_TARNAME "memcached"
| #define PACKAGE_VERSION "1.4.20"
| #define PACKAGE_STRING "memcached 1.4.20"
| #define PACKAGE_BUGREPORT "memcached@googlegroups.com"
| #define PACKAGE "memcached"
| #define VERSION "1.4.20"
| #define STDC_HEADERS 1
| #define HAVE_SYS_TYPES_H 1
| #define HAVE_SYS_STAT_H 1
| #define HAVE_STDLIB_H 1
| #define HAVE_STRING_H 1
| #define HAVE_MEMORY_H 1
| #define HAVE_STRINGS_H 1
| #define HAVE_INTTYPES_H 1
| #define HAVE_STDINT_H 1
| #define HAVE_UNISTD_H 1
| /* end confdefs.h.  */
| 
| /* Override any GCC internal prototype to avoid an error.
|    Use char because int might match the return type of a GCC
|    builtin and then its argument prototype would still apply.  */
| #ifdef __cplusplus
| extern "C"
| #endif
| char umem_cache_create ();
| int
| main ()
| {
| return umem_cache_create ();
|   ;
|   return 0;
| }
configure:6087: gcc -o conftest -g -O2 -pthread -pthread   conftest.c -lumem  -levent  >&5
/usr/bin/ld: cannot find -lumem
collect2: error: ld returned 1 exit status
configure:6094: $? = 1
configure: failed program was:
| /* confdefs.h.  */
| #define PACKAGE_NAME "memcached"
| #define PACKAGE_TARNAME "memcached"
| #define PACKAGE_VERSION "1.4.20"
| #define PACKAGE_STRING "memcached 1.4.20"
| #define PACKAGE_BUGREPORT "memcached@googlegroups.com"
| #define PACKAGE "memcached"
| #define VERSION "1.4.20"
| #define STDC_HEADERS 1
| #define HAVE_SYS_TYPES_H 1
| #define HAVE_SYS_STAT_H 1
| #define HAVE_STDLIB_H 1
| #define HAVE_STRING_H 1
| #define HAVE_MEMORY_H 1
| #define HAVE_STRINGS_H 1
| #define HAVE_INTTYPES_H 1
| #define HAVE_STDINT_H 1
| #define HAVE_UNISTD_H 1
| /* end confdefs.h.  */
| 
| /* Override any GCC internal prototype to avoid an error.
|    Use char because int might match the return type of a GCC
|    builtin and then its argument prototype would still apply.  */
| #ifdef __cplusplus
| extern "C"
| #endif
| char umem_cache_create ();
| int
| main ()
| {
| return umem_cache_create ();
|   ;
|   return 0;
| }
configure:6125: result: no
configure:6133: checking for library containing gethugepagesizes
configure:6174: gcc -o conftest -g -O2 -pthread -pthread   conftest.c -levent  >&5
/tmp/ccdRmicg.o: In function `main':
/home/newdisk/hxm/memcached_lama/conftest.c:31: undefined reference to `gethugepagesizes'
collect2: error: ld returned 1 exit status
configure:6181: $? = 1
configure: failed program was:
| /* confdefs.h.  */
| #define PACKAGE_NAME "memcached"
| #define PACKAGE_TARNAME "memcached"
| #define PACKAGE_VERSION "1.4.20"
| #define PACKAGE_STRING "memcached 1.4.20"
| #define PACKAGE_BUGREPORT "memcached@googlegroups.com"
| #define PACKAGE "memcached"
| #define VERSION "1.4.20"
| #define STDC_HEADERS 1
| #define HAVE_SYS_TYPES_H 1
| #define HAVE_SYS_STAT_H 1
| #define HAVE_STDLIB_H 1
| #define HAVE_STRING_H 1
| #define HAVE_MEMORY_H 1
| #define HAVE_STRINGS_H 1
| #define HAVE_INTTYPES_H 1
| #define HAVE_STDINT_H 1
| #define HAVE_UNISTD_H 1
| /* end confdefs.h.  */
| 
| /* Override any GCC internal prototype to avoid an error.
|    Use char because int might match the return type of a GCC
|    builtin and then its argument prototype would still apply.  */
| #ifdef __cplusplus
| extern "C"
| #endif
| char gethugepagesizes ();
| int
| main ()
| {
| return gethugepagesizes ();
|   ;
|   return 0;
| }
configure:6174: gcc -o conftest -g -O2 -pthread -pthread   conftest.c -lhugetlbfs  -levent  >&5
/usr/bin/ld: cannot find -lhugetlbfs
collect2: error: ld returned 1 exit status
configure:6181: $? = 1
configure: failed program was:
| /* confdefs.h.  */
| #define PACKAGE_NAME "memcached"
| #define PACKAGE_TARNAME "memcached"
| #define PACKAGE_VERSION "1.4.20"
| #define PACKAGE_STRING "memcached 1.4.20"
| #define PACKAGE_BUGREPORT "memcached@googlegroups.com"
| #define PACKAGE "memcached"
| #define VERSION "1.4.20"
| #define STDC_HEADERS 1
| #define HAVE_SYS_TYPES_H 1
| #define HAVE_SYS_STAT_H 1
| #define HAVE_STDLIB_H 1
| #define HAVE_STRING_H 1
| #define HAVE_MEMORY_H 1
| #define HAVE_STRINGS_H 1
| #define HAVE_INTTYPES_H 1
| #define HAVE_STDINT_H 1
| #define HAVE_UNISTD_H 1
| /* end confdefs.h.  */
| 
| /* Override any GCC internal prototype to avoid an error.
|    Use char because int might match the return type of a GCC
|    builtin and then its argument prototype would still apply.  */
| #ifdef __cplusplus
| extern "C"
| #endif
| char gethugepagesizes ();
| int
| main ()
| {
| return gethugepagesizes ();
|   ;
|   return 0;
| }
configure:6212: result: no
configure:6221: checking for stdbool.h that conforms to C99
configure:6316: gcc -c -g -O2 -pthread -pthread  conftest.c >&5
configure:6323: $? = 0
configure:6338: result: yes
configure:6340: checking for _Bool
configure:6368: gcc -c -g -O2 -pthread -pthread  conftest.c >&5
configure:6375: $? = 0
configure:6402: gcc -c -g -O2 -pthread -pthread  conftest.c >&5
conftest.c: In function 'main':
conftest.c:56:20: error: expected expression before ')' token
 if (sizeof ((_Bool)))
                    ^
configure:6409: $? = 1
configure: failed program was:
| /* confdefs.h.  */
| #define PACKAGE_NAME "memcached"
| #define PACKAGE_TARNAME "memcached"
| #define PACKAGE_VERSION "1.4.20"
| #define PACKAGE_STRING "memcached 1.4.20"
| #define PACKAGE_BUGREPORT "memcached@googlegroups.com"
| #define PACKAGE "memcached"
| #define VERSION "1.4.20"
| #define STDC_HEADERS 1
| #define HAVE_SYS_TYPES_H 1
| #define HAVE_SYS_STAT_H 1
| #define HAVE_STDLIB_H 1
| #define HAVE_STRING_H 1
| #define HAVE_MEMORY_H 1
| #define HAVE_STRINGS_H 1
| #define HAVE_INTTYPES_H 1
| #define HAVE_STDINT_H 1
| #define HAVE_UNISTD_H 1
| /* end confdefs.h.  */
| #include <stdio.h>
| #ifdef HAVE_SYS_TYPES_H
| # include <sys/types.h>
| #endif
| #ifdef HAVE_SYS_STAT_H
| # include <sys/stat.h>
| #endif
| #ifdef STDC_HEADERS
| # include <stdlib.h>
| # include <stddef.h>
| #else
| # ifdef HAVE_STDLIB_H
| #  include <stdlib.h>
| # endif
| #endif
| #ifdef HAVE_STRING_H
| # if !defined STDC_HEADERS && defined HAVE_MEMORY_H
| #  include <memory.h>
| # endif
| # include <string.h>
| #endif
| #ifdef HAVE_STRINGS_H
| # include <strings.h>
| #endif
| #ifdef HAVE_INTTYPES_H
| # include <inttypes.h>
| #endif
| #ifdef HAVE_STDINT_H
| # include <stdint.h>
| #endif
| #ifdef HAVE_UNISTD_H
| # include <unistd.h>
| #endif
| int
| main ()
| {
| if (sizeof ((_Bool)))
| 	  return 0;
|   ;
|   return 0;
| }
configure:6432: result: yes
configure:6459: checking for inttypes.h
configure:6466: result: yes
configure:6611: checking for sasl_callback_ft
configure:6645: gcc -c -g -O2 -pthread -pthread  conftest.c >&5
conftest.c: In function 'main':
conftest.c:33:5: error: unknown type name 'sasl_callback_ft'
     sasl_callback_ft a_callback;
     ^
configure:6652: $? = 1
configure: failed program was:
| /* confdefs.h.  */
| #define PACKAGE_NAME "memcached"
| #define PACKAGE_TARNAME "memcached"
| #define PACKAGE_VERSION "1.4.20"
| #define PACKAGE_STRING "memcached 1.4.20"
| #define PACKAGE_BUGREPORT "memcached@googlegroups.com"
| #define PACKAGE "memcached"
| #define VERSION "1.4.20"
| #define STDC_HEADERS 1
| #define HAVE_SYS_TYPES_H 1
| #define HAVE_SYS_STAT_H 1
| #define HAVE_STDLIB_H 1
| #define HAVE_STRING_H 1
| #define HAVE_MEMORY_H 1
| #define HAVE_STRINGS_H 1
| #define HAVE_INTTYPES_H 1
| #define HAVE_STDINT_H 1
| #define HAVE_UNISTD_H 1
| #define HAVE__BOOL 1
| #define HAVE_STDBOOL_H 1
| #define HAVE_INTTYPES_H 1
| /* end confdefs.h.  */
| 
|     #ifdef HAVE_SASL_SASL_H
|     #include <sasl/sasl.h>
|     #include <sasl/saslplug.h>
|     #endif
| 
| int
| main ()
| {
| 
|     sasl_callback_ft a_callback;
| 
|   ;
|   return 0;
| }
configure:6672: result: no
configure:6686: checking for print macros for integers (C99 section 7.8.1)
configure:6720: gcc -c -g -O2 -pthread -pthread  conftest.c >&5
configure:6727: $? = 0
configure:6743: result: yes
configure:6760: checking for an ANSI C-conforming const
configure:6835: gcc -c -g -O2 -pthread -pthread  conftest.c >&5
configure:6842: $? = 0
configure:6857: result: yes
configure:6870: checking for socklen_t
configure:6902: gcc -c -g -O2 -pthread -pthread  conftest.c >&5
configure:6909: $? = 0
configure:6929: result: yes
configure:6942: checking for endianness
configure:6982: gcc -o conftest -g -O2 -pthread -pthread   conftest.c -levent  >&5
conftest.c: In function 'main':
conftest.c:29:9: warning: implicit declaration of function 'exit' [-Wimplicit-function-declaration]
         exit(*c == 1);
         ^
conftest.c:29:9: warning: incompatible implicit declaration of built-in function 'exit'
conftest.c:29:9: note: include '<stdlib.h>' or provide a declaration of 'exit'
configure:6986: $? = 0
configure:6992: ./conftest
configure:6996: $? = 1
configure: program exited with status 1
configure: failed program was:
| /* confdefs.h.  */
| #define PACKAGE_NAME "memcached"
| #define PACKAGE_TARNAME "memcached"
| #define PACKAGE_VERSION "1.4.20"
| #define PACKAGE_STRING "memcached 1.4.20"
| #define PACKAGE_BUGREPORT "memcached@googlegroups.com"
| #define PACKAGE "memcached"
| #define VERSION "1.4.20"
| #define STDC_HEADERS 1
| #define HAVE_SYS_TYPES_H 1
| #define HAVE_SYS_STAT_H 1
| #define HAVE_STDLIB_H 1
| #define HAVE_STRING_H 1
| #define HAVE_MEMORY_H 1
| #define HAVE_STRINGS_H 1
| #define HAVE_INTTYPES_H 1
| #define HAVE_STDINT_H 1
| #define HAVE_UNISTD_H 1
| #define HAVE__BOOL 1
| #define HAVE_STDBOOL_H 1
| #define HAVE_INTTYPES_H 1
| /* end confdefs.h.  */
| 
| int
| main ()
| {
|         long val = 1;
|         char *c = (char *) &val;
|         exit(*c == 1);
| 
|   ;
|   return 0;
| }
| 
configure:7018: result: little
configure:7039: checking for htonll
configure:7071: gcc -o conftest -g -O2 -pthread -pthread   conftest.c -levent  >&5
conftest.c:28:23: warning: extra tokens at end of #include directive
 #include <inttypes.h> */
                       ^
conftest.c: In function 'main':
conftest.c:35:18: warning: implicit declaration of function 'htonll' [-Wimplicit-function-declaration]
           return htonll(0);
                  ^
/tmp/ccKUgPLO.o: In function `main':
/home/newdisk/hxm/memcached_lama/conftest.c:35: undefined reference to `htonll'
collect2: error: ld returned 1 exit status
configure:7078: $? = 1
configure: failed program was:
| /* confdefs.h.  */
| #define PACKAGE_NAME "memcached"
| #define PACKAGE_TARNAME "memcached"
| #define PACKAGE_VERSION "1.4.20"
| #define PACKAGE_STRING "memcached 1.4.20"
| #define PACKAGE_BUGREPORT "memcached@googlegroups.com"
| #define PACKAGE "memcached"
| #define VERSION "1.4.20"
| #define STDC_HEADERS 1
| #define HAVE_SYS_TYPES_H 1
| #define HAVE_SYS_STAT_H 1
| #define HAVE_STDLIB_H 1
| #define HAVE_STRING_H 1
| #define HAVE_MEMORY_H 1
| #define HAVE_STRINGS_H 1
| #define HAVE_INTTYPES_H 1
| #define HAVE_STDINT_H 1
| #define HAVE_UNISTD_H 1
| #define HAVE__BOOL 1
| #define HAVE_STDBOOL_H 1
| #define HAVE_INTTYPES_H 1
| #define ENDIAN_LITTLE 1
| /* end confdefs.h.  */
| 
| #include <sys/types.h>
| #include <netinet/in.h>
| #ifdef HAVE_INTTYPES_H
| #include <inttypes.h> */
| #endif
| 
| int
| main ()
| {
| 
|           return htonll(0);
| 
|   ;
|   return 0;
| }
configure:7107: result: no
configure:7111: checking for library containing pthread_create
configure:7152: gcc -o conftest -g -O2 -pthread -pthread   conftest.c -levent  >&5
configure:7159: $? = 0
configure:7190: result: none required
configure:7208: checking for mlockall
configure:7264: gcc -o conftest -g -O2 -pthread -pthread   conftest.c -levent  >&5
configure:7271: $? = 0
configure:7293: result: yes
configure:7309: checking for getpagesizes
configure:7365: gcc -o conftest -g -O2 -pthread -pthread   conftest.c -levent  >&5
/tmp/ccZCMtW5.o: In function `main':
/home/newdisk/hxm/memcached_lama/conftest.c:59: undefined reference to `getpagesizes'
collect2: error: ld returned 1 exit status
configure:7372: $? = 1
configure: failed program was:
| /* confdefs.h.  */
| #define PACKAGE_NAME "memcached"
| #define PACKAGE_TARNAME "memcached"
| #define PACKAGE_VERSION "1.4.20"
| #define PACKAGE_STRING "memcached 1.4.20"
| #define PACKAGE_BUGREPORT "memcached@googlegroups.com"
| #define PACKAGE "memcached"
| #define VERSION "1.4.20"
| #define STDC_HEADERS 1
| #define HAVE_SYS_TYPES_H 1
| #define HAVE_SYS_STAT_H 1
| #define HAVE_STDLIB_H 1
| #define HAVE_STRING_H 1
| #define HAVE_MEMORY_H 1
| #define HAVE_STRINGS_H 1
| #define HAVE_INTTYPES_H 1
| #define HAVE_STDINT_H 1
| #define HAVE_UNISTD_H 1
| #define HAVE__BOOL 1
| #define HAVE_STDBOOL_H 1
| #define HAVE_INTTYPES_H 1
| #define ENDIAN_LITTLE 1
| #define HAVE_MLOCKALL 1
| /* end confdefs.h.  */
| /* Define getpagesizes to an innocuous variant, in case <limits.h> declares getpagesizes.
|    For example, HP-UX 11i <limits.h> declares gettimeofday.  */
| #define getpagesizes innocuous_getpagesizes
| 
| /* System header to define __stub macros and hopefully few prototypes,
|     which can conflict with char getpagesizes (); below.
|     Prefer <limits.h> to <assert.h> if __STDC__ is defined, since
|     <limits.h> exists even on freestanding compilers.  */
| 
| #ifdef __STDC__
| # include <limits.h>
| #else
| # include <assert.h>
| #endif
| 
| #undef getpagesizes
| 
| /* Override any GCC internal prototype to avoid an error.
|    Use char because int might match the return type of a GCC
|    builtin and then its argument prototype would still apply.  */
| #ifdef __cplusplus
| extern "C"
| #endif
| char getpagesizes ();
| /* The GNU C library defines this for functions which it implements
|     to always fail with ENOSYS.  Some functions are actually named
|     something starting with __ and the normal name is an alias.  */
| #if defined __stub_getpagesizes || defined __stub___getpagesizes
| choke me
| #endif
| 
| int
| main ()
| {
| return getpagesizes ();
|   ;
|   return 0;
| }
configure:7394: result: no
configure:7410: checking for memcntl
configure:7466: gcc -o conftest -g -O2 -pthread -pthread   conftest.c -levent  >&5
/tmp/ccnbnVle.o: In function `main':
/home/newdisk/hxm/memcached_lama/conftest.c:59: undefined reference to `memcntl'
collect2: error: ld returned 1 exit status
configure:7473: $? = 1
configure: failed program was:
| /* confdefs.h.  */
| #define PACKAGE_NAME "memcached"
| #define PACKAGE_TARNAME "memcached"
| #define PACKAGE_VERSION "1.4.20"
| #define PACKAGE_STRING "memcached 1.4.20"
| #define PACKAGE_BUGREPORT "memcached@googlegroups.com"
| #define PACKAGE "memcached"
| #define VERSION "1.4.20"
| #define STDC_HEADERS 1
| #define HAVE_SYS_TYPES_H 1
| #define HAVE_SYS_STAT_H 1
| #define HAVE_STDLIB_H 1
| #define HAVE_STRING_H 1
| #define HAVE_MEMORY_H 1
| #define HAVE_STRINGS_H 1
| #define HAVE_INTTYPES_H 1
| #define HAVE_STDINT_H 1
| #define HAVE_UNISTD_H 1
| #define HAVE__BOOL 1
| #define HAVE_STDBOOL_H 1
| #define HAVE_INTTYPES_H 1
| #define ENDIAN_LITTLE 1
| #define HAVE_MLOCKALL 1
| /* end confdefs.h.  */
| /* Define memcntl to an innocuous variant, in case <limits.h> declares memcntl.
|    For example, HP-UX 11i <limits.h> declares gettimeofday.  */
| #define memcntl innocuous_memcntl
| 
| /* System header to define __stub macros and hopefully few prototypes,
|     which can conflict with char memcntl (); below.
|     Prefer <limits.h> to <assert.h> if __STDC__ is defined, since
|     <limits.h> exists even on freestanding compilers.  */
| 
| #ifdef __STDC__
| # include <limits.h>
| #else
| # include <assert.h>
| #endif
| 
| #undef memcntl
| 
| /* Override any GCC internal prototype to avoid an error.
|    Use char because int might match the return type of a GCC
|    builtin and then its argument prototype would still apply.  */
| #ifdef __cplusplus
| extern "C"
| #endif
| char memcntl ();
| /* The GNU C library defines this for functions which it implements
|     to always fail with ENOSYS.  Some functions are actually named
|     something starting with __ and the normal name is an alias.  */
| #if defined __stub_memcntl || defined __stub___memcntl
| choke me
| #endif
| 
| int
| main ()
| {
| return memcntl ();
|   ;
|   return 0;
| }
configure:7495: result: no
configure:7511: checking for sigignore
configure:7567: gcc -o conftest -g -O2 -pthread -pthread   conftest.c -levent  >&5
configure:7574: $? = 0
configure:7596: result: yes
configure:7612: checking for clock_gettime
configure:7668: gcc -o conftest -g -O2 -pthread -pthread   conftest.c -levent  >&5
configure:7675: $? = 0
configure:7697: result: yes
configure:7713: checking for accept4
configure:7769: gcc -o conftest -g -O2 -pthread -pthread   conftest.c -levent  >&5
configure:7776: $? = 0
configure:7798: result: yes
configure:7817: checking for alignment
configure:7873: gcc -o conftest -g -O2 -pthread -pthread   conftest.c -levent  >&5
configure:7877: $? = 0
configure:7883: ./conftest
configure:7887: $? = 0
configure:7909: result: none
configure:7921: checking for GCC atomics
configure:7949: gcc -o conftest -g -O2 -pthread -pthread   conftest.c -levent  >&5
configure:7956: $? = 0
configure:7980: result: yes
configure:7987: checking for setppriv
configure:8043: gcc -o conftest -g -O2 -pthread -pthread   conftest.c -levent  >&5
/tmp/ccgMoD3O.o: In function `main':
/home/newdisk/hxm/memcached_lama/conftest.c:64: undefined reference to `setppriv'
collect2: error: ld returned 1 exit status
configure:8050: $? = 1
configure: failed program was:
| /* confdefs.h.  */
| #define PACKAGE_NAME "memcached"
| #define PACKAGE_TARNAME "memcached"
| #define PACKAGE_VERSION "1.4.20"
| #define PACKAGE_STRING "memcached 1.4.20"
| #define PACKAGE_BUGREPORT "memcached@googlegroups.com"
| #define PACKAGE "memcached"
| #define VERSION "1.4.20"
| #define STDC_HEADERS 1
| #define HAVE_SYS_TYPES_H 1
| #define HAVE_SYS_STAT_H 1
| #define HAVE_STDLIB_H 1
| #define HAVE_STRING_H 1
| #define HAVE_MEMORY_H 1
| #define HAVE_STRINGS_H 1
| #define HAVE_INTTYPES_H 1
| #define HAVE_STDINT_H 1
| #define HAVE_UNISTD_H 1
| #define HAVE__BOOL 1
| #define HAVE_STDBOOL_H 1
| #define HAVE_INTTYPES_H 1
| #define ENDIAN_LITTLE 1
| #define HAVE_MLOCKALL 1
| #define HAVE_SIGIGNORE 1
| #define HAVE_CLOCK_GETTIME 1
| #define HAVE_ACCEPT4 1
| #define HAVE_ACCEPT4 1
| #define HAVE_GCC_ATOMICS 1
| /* end confdefs.h.  */
| /* Define setppriv to an innocuous variant, in case <limits.h> declares setppriv.
|    For example, HP-UX 11i <limits.h> declares gettimeofday.  */
| #define setppriv innocuous_setppriv
| 
| /* System header to define __stub macros and hopefully few prototypes,
|     which can conflict with char setppriv (); below.
|     Prefer <limits.h> to <assert.h> if __STDC__ is defined, since
|     <limits.h> exists even on freestanding compilers.  */
| 
| #ifdef __STDC__
| # include <limits.h>
| #else
| # include <assert.h>
| #endif
| 
| #undef setppriv
| 
| /* Override any GCC internal prototype to avoid an error.
|    Use char because int might match the return type of a GCC
|    builtin and then its argument prototype would still apply.  */
| #ifdef __cplusplus
| extern "C"
| #endif
| char setppriv ();
| /* The GNU C library defines this for functions which it implements
|     to always fail with ENOSYS.  Some functions are actually named
|     something starting with __ and the normal name is an alias.  */
| #if defined __stub_setppriv || defined __stub___setppriv
| choke me
| #endif
| 
| int
| main ()
| {
| return setppriv ();
|   ;
|   return 0;
| }
configure:8072: result: no
configure:8249: checking umem.h usability
configure:8266: gcc -c -g -O2 -pthread -pthread  conftest.c >&5
conftest.c:63:18: fatal error: umem.h: No such file or directory
compilation terminated.
configure:8273: $? = 1
configure: failed program was:
| /* confdefs.h.  */
| #define PACKAGE_NAME "memcached"
| #define PACKAGE_TARNAME "memcached"
| #define PACKAGE_VERSION "1.4.20"
| #define PACKAGE_STRING "memcached 1.4.20"
| #define PACKAGE_BUGREPORT "memcached@googlegroups.com"
| #define PACKAGE "memcached"
| #define VERSION "1.4.20"
| #define STDC_HEADERS 1
| #define HAVE_SYS_TYPES_H 1
| #define HAVE_SYS_STAT_H 1
| #define HAVE_STDLIB_H 1
| #define HAVE_STRING_H 1
| #define HAVE_MEMORY_H 1
| #define HAVE_STRINGS_H 1
| #define HAVE_INTTYPES_H 1
| #define HAVE_STDINT_H 1
| #define HAVE_UNISTD_H 1
| #define HAVE__BOOL 1
| #define HAVE_STDBOOL_H 1
| #define HAVE_INTTYPES_H 1
| #define ENDIAN_LITTLE 1
| #define HAVE_MLOCKALL 1
| #define HAVE_SIGIGNORE 1
| #define HAVE_CLOCK_GETTIME 1
| #define HAVE_ACCEPT4 1
| #define HAVE_ACCEPT4 1
| #define HAVE_GCC_ATOMICS 1
| /* end confdefs.h.  */
| #include <stdio.h>
| #ifdef HAVE_SYS_TYPES_H
| # include <sys/types.h>
| #endif
| #ifdef HAVE_SYS_STAT_H
| # include <sys/stat.h>
| #endif
| #ifdef STDC_HEADERS
| # include <stdlib.h>
| # include <stddef.h>
| #else
| # ifdef HAVE_STDLIB_H
| #  include <stdlib.h>
| # endif
| #endif
| #ifdef HAVE_STRING_H
| # if !defined STDC_HEADERS && defined HAVE_MEMORY_H
| #  include <memory.h>
| # endif
| # include <string.h>
| #endif
| #ifdef HAVE_STRINGS_H
| # include <strings.h>
| #endif
| #ifdef HAVE_INTTYPES_H
| # include <inttypes.h>
| #endif
| #ifdef HAVE_STDINT_H
| # include <stdint.h>
| #endif
| #ifdef HAVE_UNISTD_H
| # include <unistd.h>
| #endif
| #include <umem.h>
configure:8287: result: no
configure:8291: checking umem.h presence
configure:8306: gcc -E  conftest.c
conftest.c:30:18: fatal error: umem.h: No such file or directory
compilation terminated.
configure:8313: $? = 1
configure: failed program was:
| /* confdefs.h.  */
| #define PACKAGE_NAME "memcached"
| #define PACKAGE_TARNAME "memcached"
| #define PACKAGE_VERSION "1.4.20"
| #define PACKAGE_STRING "memcached 1.4.20"
| #define PACKAGE_BUGREPORT "memcached@googlegroups.com"
| #define PACKAGE "memcached"
| #define VERSION "1.4.20"
| #define STDC_HEADERS 1
| #define HAVE_SYS_TYPES_H 1
| #define HAVE_SYS_STAT_H 1
| #define HAVE_STDLIB_H 1
| #define HAVE_STRING_H 1
| #define HAVE_MEMORY_H 1
| #define HAVE_STRINGS_H 1
| #define HAVE_INTTYPES_H 1
| #define HAVE_STDINT_H 1
| #define HAVE_UNISTD_H 1
| #define HAVE__BOOL 1
| #define HAVE_STDBOOL_H 1
| #define HAVE_INTTYPES_H 1
| #define ENDIAN_LITTLE 1
| #define HAVE_MLOCKALL 1
| #define HAVE_SIGIGNORE 1
| #define HAVE_CLOCK_GETTIME 1
| #define HAVE_ACCEPT4 1
| #define HAVE_ACCEPT4 1
| #define HAVE_GCC_ATOMICS 1
| /* end confdefs.h.  */
| #include <umem.h>
configure:8327: result: no
configure:8360: checking for umem.h
configure:8367: result: no
configure:8403: checking for xml2rfc
configure:8434: result: no
configure:8444: checking for xsltproc
configure:8475: result: no
configure:8689: creating ./config.status

## ---------------------- ##
## Running config.status. ##
## ---------------------- ##

This file was extended by memcached config.status 1.4.20, which was
generated by GNU Autoconf 2.63.  Invocation command line was

  CONFIG_FILES    = 
  CONFIG_HEADERS  = 
  CONFIG_LINKS    = 
  CONFIG_COMMANDS = 
  $ ./config.status 

on PowerEdge-R720

config.status:815: creating Makefile
config.status:815: creating doc/Makefile
config.status:815: creating config.h
config.status:1037: config.h is unchanged
config.status:1089: executing depfiles commands

## ---------------- ##
## Cache variables. ##
## ---------------- ##

ac_cv_build=x86_64-unknown-linux-gnu
ac_cv_c_alignment=none
ac_cv_c_compiler_gnu=yes
ac_cv_c_const=yes
ac_cv_c_endian=little
ac_cv_c_socklen_t=yes
ac_cv_c_uint64_support=yes
ac_cv_env_CC_set=
ac_cv_env_CC_value=
ac_cv_env_CFLAGS_set=
ac_cv_env_CFLAGS_value=
ac_cv_env_CPPFLAGS_set=
ac_cv_env_CPPFLAGS_value=
ac_cv_env_CPP_set=
ac_cv_env_CPP_value=
ac_cv_env_LDFLAGS_set=
ac_cv_env_LDFLAGS_value=
ac_cv_env_LIBS_set=
ac_cv_env_LIBS_value=
ac_cv_env_build_alias_set=
ac_cv_env_build_alias_value=
ac_cv_env_host_alias_set=
ac_cv_env_host_alias_value=
ac_cv_env_target_alias_set=
ac_cv_env_target_alias_value=
ac_cv_func_accept4=yes
ac_cv_func_clock_gettime=yes
ac_cv_func_getpagesizes=no
ac_cv_func_memcntl=no
ac_cv_func_mlockall=yes
ac_cv_func_setppriv=no
ac_cv_func_sigignore=yes
ac_cv_has_sasl_callback_ft=no
ac_cv_have_decl___SUNPRO_C=no
ac_cv_header_inttypes_h=yes
ac_cv_header_memory_h=yes
ac_cv_header_sasl_sasl_h=no
ac_cv_header_stdbool_h=yes
ac_cv_header_stdc=yes
ac_cv_header_stdint_h=yes
ac_cv_header_stdlib_h=yes
ac_cv_header_string_h=yes
ac_cv_header_strings_h=yes
ac_cv_header_sys_stat_h=yes
ac_cv_header_sys_types_h=yes
ac_cv_header_umem_h=no
ac_cv_header_unistd_h=yes
ac_cv_host=x86_64-unknown-linux-gnu
ac_cv_lib_gcov_main=yes
ac_cv_libevent_dir='(system)'
ac_cv_objext=o
ac_cv_path_EGREP='/bin/grep -E'
ac_cv_path_GREP=/bin/grep
ac_cv_path_PROFILER=/usr/bin/gcov
ac_cv_path_XML2RFC=no
ac_cv_path_XSLTPROC=no
ac_cv_path_install='/usr/bin/install -c'
ac_cv_path_mkdir=/bin/mkdir
ac_cv_prog_AWK=mawk
ac_cv_prog_CPP='gcc -E'
ac_cv_prog_ac_ct_CC=gcc
ac_cv_prog_cc_c89=
ac_cv_prog_cc_c99=
ac_cv_prog_cc_g=yes
ac_cv_prog_cc_gcc_c_o=yes
ac_cv_prog_make_make_set=yes
ac_cv_search_clock_gettime='none required'
ac_cv_search_gethostbyname='none required'
ac_cv_search_gethugepagesizes=no
ac_cv_search_pthread_create='none required'
ac_cv_search_socket='none required'
ac_cv_search_umem_cache_create=no
ac_cv_target=x86_64-unknown-linux-gnu
ac_cv_type__Bool=yes
am_cv_CC_dependencies_compiler_type=gcc3

## ----------------- ##
## Output variables. ##
## ----------------- ##

ACLOCAL='${SHELL} /home/newdisk/hxm/memcached_lama/missing --run aclocal-1.11'
AMDEPBACKSLASH='\'
AMDEP_FALSE='#'
AMDEP_TRUE=''
AMTAR='${SHELL} /home/newdisk/hxm/memcached_lama/missing --run tar'
AUTOCONF='${SHELL} /home/newdisk/hxm/memcached_lama/missing --run autoconf'
AUTOHEADER='${SHELL} /home/newdisk/hxm/memcached_lama/missing --run autoheader'
AUTOMAKE='${SHELL} /home/newdisk/hxm/memcached_lama/missing --run automake-1.11'
AWK='mawk'
BUILD_CACHE_FALSE='#'
BUILD_CACHE_TRUE=''
BUILD_DTRACE_FALSE=''
BUILD_DTRACE_TRUE='#'
BUILD_SOLARIS_PRIVS_FALSE=''
BUILD_SOLARIS_PRIVS_TRUE='#'
BUILD_SPECIFICATIONS_FALSE=''
BUILD_SPECIFICATIONS_TRUE='#'
CC='gcc'
CCDEPMODE='depmode=gcc3'
CFLAGS='-g -O2 -pthread -pthread -Wall -Werror -pedantic -Wmissing-prototypes -Wmissing-declarations -Wredundant-decls'
CPP='gcc -E'
CPPFLAGS=''
CYGPATH_W='echo'
DEFS='-DHAVE_CONFIG_H'
DEPDIR='.deps'
DTRACE=''
DTRACEFLAGS=''
DTRACE_INSTRUMENT_OBJ_FALSE=''
DTRACE_INSTRUMENT_OBJ_TRUE='#'
ECHO_C=''
ECHO_N='-n'
ECHO_T=''
EGREP='/bin/grep -E'
ENABLE_SASL=''
ENABLE_SASL_FALSE=''
ENABLE_SASL_TRUE='#'
EXEEXT=''
GREP='/bin/grep'
INSTALL_DATA='${INSTALL} -m 644'
INSTALL_PROGRAM='${INSTALL}'
INSTALL_SCRIPT='${INSTALL}'
INSTALL_STRIP_PROGRAM='$(install_sh) -c -s'
LDFLAGS=''
LIBOBJS=''
LIBS='-levent '
LTLIBOBJS=''
MAKEINFO='${SHELL} /home/newdisk/hxm/memcached_lama/missing --run makeinfo'
MKDIR_P='/bin/mkdir -p'
OBJEXT='o'
PACKAGE='memcached'
PACKAGE_BUGREPORT='memcached@googlegroups.com'
PACKAGE_NAME='memcached'
PACKAGE_STRING='memcached 1.4.20'
PACKAGE_TARNAME='memcached'
PACKAGE_VERSION='1.4.20'
PATH_SEPARATOR=':'
PROFILER='/usr/bin/gcov'
PROFILER_FLAGS='-fprofile-arcs -ftest-coverage'
PROFILER_LDFLAGS='-lgcov'
SET_MAKE=''
SHELL='/bin/bash'
STRIP=''
VERSION='1.4.20'
XML2RFC='no'
XSLTPROC='no'
ac_ct_CC='gcc'
am__EXEEXT_FALSE=''
am__EXEEXT_TRUE='#'
am__fastdepCC_FALSE='#'
am__fastdepCC_TRUE=''
am__include='include'
am__isrc=''
am__leading_dot='.'
am__quote=''
am__tar='${AMTAR} chof - "$$tardir"'
am__untar='${AMTAR} xf -'
bindir='${exec_prefix}/bin'
build='x86_64-unknown-linux-gnu'
build_alias=''
build_cpu='x86_64'
build_os='linux-gnu'
build_vendor='unknown'
datadir='${datarootdir}'
datarootdir='${prefix}/share'
docdir='${datarootdir}/doc/${PACKAGE_TARNAME}'
dvidir='${docdir}'
exec_prefix='${prefix}'
host='x86_64-unknown-linux-gnu'
host_alias=''
host_cpu='x86_64'
host_os='linux-gnu'
host_vendor='unknown'
htmldir='${docdir}'
includedir='${prefix}/include'
infodir='${datarootdir}/info'
install_sh='${SHELL} /home/newdisk/hxm/memcached_lama/install-sh'
libdir='${exec_prefix}/lib'
libexecdir='${exec_prefix}/libexec'
localedir='${datarootdir}/locale'
localstatedir='${prefix}/var'
mandir='${datarootdir}/man'
mkdir_p='/bin/mkdir -p'
oldincludedir='/usr/include'
pdfdir='${docdir}'
prefix='/usr/local'
program_transform_name='s,x,x,'
psdir='${docdir}'
sbindir='${exec_prefix}/sbin'
sharedstatedir='${prefix}/com'
sysconfdir='${prefix}/etc'
target='x86_64-unknown-linux-gnu'
target_alias=''
target_cpu='x86_64'
target_os='linux-gnu'
target_vendor='unknown'

## ----------- ##
## confdefs.h. ##
## ----------- ##

#define PACKAGE_NAME "memcached"
#define PACKAGE_TARNAME "memcached"
#define PACKAGE_VERSION "1.4.20"
#define PACKAGE_STRING "memcached 1.4.20"
#define PACKAGE_BUGREPORT "memcached@googlegroups.com"
#define PACKAGE "memcached"
#define VERSION "1.4.20"
#define STDC_HEADERS 1
#define HAVE_SYS_TYPES_H 1
#define HAVE_SYS_STAT_H 1
#define HAVE_STDLIB_H 1
#define HAVE_STRING_H 1
#define HAVE_MEMORY_H 1
#define HAVE_STRINGS_H 1
#define HAVE_INTTYPES_H 1
#define HAVE_STDINT_H 1
#define HAVE_UNISTD_H 1
#define HAVE__BOOL 1
#define HAVE_STDBOOL_H 1
#define HAVE_INTTYPES_H 1
#define ENDIAN_LITTLE 1
#define HAVE_MLOCKALL 1
#define HAVE_SIGIGNORE 1
#define HAVE_CLOCK_GETTIME 1
#define HAVE_ACCEPT4 1
#define HAVE_ACCEPT4 1
#define HAVE_GCC_ATOMICS 1
#define _GNU_SOURCE 1

configure: exit 0
